Arguments: 
  /usr/local/bin/node /opt/homebrew/Cellar/yarn/1.22.19/libexec/bin/yarn.js add sentence_transformers

PATH: 
  /usr/local/opt/python3/bin:/opt/homebrew/opt/pyenv3.7.12/bin:/opt/homebrew/opt/python/bin:/opt/homebrew/opt/python/bin:/opt/homebrew/opt/mysql/bin:/opt/homebrew/opt/mongodb-community@4.4/bin:/usr/local/opt/mongodb-community@4.4/bin:/usr/local/opt/mongodb-community@4.4/bin:/Library/Frameworks/Python.framework/Versions/3.7/bin:/opt/homebrew/bin:/opt/homebrew/sbin:/usr/local/bin:/System/Cryptexes/App/usr/bin:/usr/bin:/bin:/usr/sbin:/sbin:/usr/local/opt/python3/bin:/opt/homebrew/opt/pyenv3.7.12/bin:/opt/homebrew/opt/python/bin:/opt/homebrew/opt/mysql/bin:/opt/homebrew/opt/mongodb-community@4.4/bin:/usr/local/opt/mongodb-community@4.4/bin:/Users/namhyeonjeong/.sdkman/candidates/java/current/bin:/Library/Frameworks/Python.framework/Versions/3.7/bin:/opt/homebrew/bin:/opt/homebrew/sbin

Yarn version: 
  1.22.19

Node version: 
  16.16.0

Platform: 
  darwin arm64

Trace: 
  Error: https://registry.yarnpkg.com/sentence_transformers: Not found
      at Request.params.callback [as _callback] (/opt/homebrew/Cellar/yarn/1.22.19/libexec/lib/cli.js:66145:18)
      at Request.self.callback (/opt/homebrew/Cellar/yarn/1.22.19/libexec/lib/cli.js:140890:22)
      at Request.emit (node:events:527:28)
      at Request.<anonymous> (/opt/homebrew/Cellar/yarn/1.22.19/libexec/lib/cli.js:141862:10)
      at Request.emit (node:events:527:28)
      at IncomingMessage.<anonymous> (/opt/homebrew/Cellar/yarn/1.22.19/libexec/lib/cli.js:141784:12)
      at Object.onceWrapper (node:events:641:28)
      at IncomingMessage.emit (node:events:539:35)
      at endReadableNT (node:internal/streams/readable:1345:12)
      at processTicksAndRejections (node:internal/process/task_queues:83:21)

npm manifest: 
  {
    "dependencies": {
      "keras": "^1.0.1",
      "python3": "^0.0.1"
    }
  }

yarn manifest: 
  No manifest

Lockfile: 
  # THIS IS AN AUTOGENERATED FILE. DO NOT EDIT THIS FILE DIRECTLY.
  # yarn lockfile v1
  
  
  keras@^1.0.1:
    version "1.0.1"
    resolved "https://registry.yarnpkg.com/keras/-/keras-1.0.1.tgz#51cbf15de2a24105a0fa1cb2d16b94ea8b13e1c6"
    integrity sha512-0oJaBpRGndcHauSufmFldNkZfuWis5ddeFegcmim67jSa4Vh+asC/nOspkUQsC8qarr3a0Ps/lKm0r2HiEU2YA==
  
  python3@^0.0.1:
    version "0.0.1"
    resolved "https://registry.yarnpkg.com/python3/-/python3-0.0.1.tgz#9e3ae876b5b74a8f661dfec9c10bf5b0ea4ca5f7"
    integrity sha512-VB3Pe0uV1mjWND5Kv1FJQOSuAe979Oo0gRs/C8JGF8wx+ulkWqHC/sWlQz+ezcGpwsJP0tTIh+No/iRaqQlcNg==
