2023-04-05 14:32:39 error: 
Invalid `prisma.emailAuthentication.create()` invocation in
O:\emotionDiary\back\back\src\auth\authRepository.ts:159:38

  156   return editData;
  157 }
  158 static async emailAuthSave(email: string, CertiNumber: number) {
→ 159   await prisma.emailAuthentication.create({
          data: {
            email: 'allen15590@naver.com',
            CertiNumber: NaN
                         ~~~
          }
        })

Argument CertiNumber: Got invalid value NaN on prisma.createOneemailAuthentication. Provided Float, expected Int.


2023-04-05 19:53:04 error: Invalid login: 535-5.7.8 Username and Password not accepted. Learn more at
535 5.7.8  https://support.google.com/mail/?p=BadCredentials o12-20020a170902bccc00b0019a87ede846sm9792057pls.285 - gsmtp
2023-04-05 19:53:50 error: 
Invalid `prisma.emailAuthentication.create()` invocation in
O:\emotionDiary\back\back\src\auth\authRepository.ts:159:38

  156   return editData;
  157 }
  158 static async emailAuthSave(email: string, CertiNumber: number) {
→ 159   await prisma.emailAuthentication.create({
          data: {
            email: 'allen15590@naver.com',
            CertiNumber: NaN
                         ~~~
          }
        })

Argument CertiNumber: Got invalid value NaN on prisma.createOneemailAuthentication. Provided Float, expected Int.


2023-04-05 21:45:05 error: 인증번호가 일치하지 않습니다.
2023-04-05 21:46:43 error: 인증번호가 일치하지 않습니다.
2023-04-05 21:46:57 error: 인증번호가 일치하지 않습니다.
