2023-03-28 00:21:44 error: 
Invalid `prisma.user.create()` invocation in
O:\emotionDiary\back\back\src\auth\authRepository.ts:13:39

  10   gender: string
  11 ) {
  12   const friendTempid: number = 1;
→ 13   const newUser = await prisma.user.create(
Unique constraint failed on the constraint: `user_loginId_key`
2023-03-28 00:25:37 error: 
Invalid `prisma.diary.findMany()` invocation in
O:\emotionDiary\back\back\src\diary\diaryRepository.ts:155:38

  152 }
  153 // 유저 다이어리 all 스코프
  154 static async getAllScope(pageDTO: pageInfo) {
→ 155   const diary = await prisma.diary.findMany(
Error in query graph construction: AssertionError("Invalid value for skip argument: Value can only be positive, found: -5")
2023-03-28 00:25:55 error: 
Invalid `prisma.diary.findMany()` invocation in
O:\emotionDiary\back\back\src\diary\diaryRepository.ts:155:38

  152 }
  153 // 유저 다이어리 all 스코프
  154 static async getAllScope(pageDTO: pageInfo) {
→ 155   const diary = await prisma.diary.findMany(
Error in query graph construction: AssertionError("Invalid value for skip argument: Value can only be positive, found: -5")
2023-03-28 00:25:59 error: 
Invalid `prisma.diary.findMany()` invocation in
O:\emotionDiary\back\back\src\diary\diaryRepository.ts:155:38

  152 }
  153 // 유저 다이어리 all 스코프
  154 static async getAllScope(pageDTO: pageInfo) {
→ 155   const diary = await prisma.diary.findMany(
Error in query graph construction: AssertionError("Invalid value for skip argument: Value can only be positive, found: -5")
2023-03-28 00:31:02 error: 해당 요청은 존재합니다. - 2 
2023-03-28 00:54:18 error: 해당 요청은 존재하지 않습니다
2023-03-28 04:31:12 error: 해당 요청은 존재하지 않습니다
2023-03-28 05:34:13 error: 
Invalid `prisma.standByFriend.update()` invocation in
O:\emotionDiary\back\back\src\friend\friendRepository.ts:52:54

  49   data: Partial<standByFriendDTO>,
  50   relationship: number
  51 ) {
→ 52   const changeRequest = await prisma.standByFriend.update({
         where: {
       ?   PK_standByFriend?: Int
         },
         data: {
           relationship: 2
         }
       })

Argument where of type standByFriendWhereUniqueInput needs at least one argument. Available args are listed in green.

Note: Lines with ? are optional.

2023-03-28 05:34:35 error: 
Invalid `prisma.standByFriend.update()` invocation in
O:\emotionDiary\back\back\src\friend\friendRepository.ts:52:54

  49   data: Partial<standByFriendDTO>,
  50   relationship: number
  51 ) {
→ 52   const changeRequest = await prisma.standByFriend.update({
         where: {
       ?   PK_standByFriend?: Int
         },
         data: {
           relationship: 2
         }
       })

Argument where of type standByFriendWhereUniqueInput needs at least one argument. Available args are listed in green.

Note: Lines with ? are optional.

2023-03-28 05:38:23 error: 
Invalid `prisma.standByFriend.update()` invocation in
O:\emotionDiary\back\back\src\friend\friendRepository.ts:52:54

  49   data: Partial<standByFriendDTO>,
  50   relationship: number
  51 ) {
→ 52   const changeRequest = await prisma.standByFriend.update({
         where: {
       ?   PK_standByFriend?: Int
         },
         data: {
           relationship: 2
         }
       })

Argument where of type standByFriendWhereUniqueInput needs at least one argument. Available args are listed in green.

Note: Lines with ? are optional.

2023-03-28 05:40:06 error: 이미 처리된 요청입니다
2023-03-28 05:41:06 error: 
Invalid `prisma.standByFriend.update()` invocation in
O:\emotionDiary\back\back\src\friend\friendRepository.ts:52:54

  49   data: Partial<standByFriendDTO>,
  50   relationship: number
  51 ) {
→ 52   const changeRequest = await prisma.standByFriend.update({
         where: {
       ?   PK_standByFriend?: Int
         },
         data: {
           relationship: 2
         }
       })

Argument where of type standByFriendWhereUniqueInput needs at least one argument. Available args are listed in green.

Note: Lines with ? are optional.

2023-03-28 05:44:46 error: jwt expired
2023-03-28 07:18:45 error: jwt expired
2023-03-28 07:21:11 error: jwt expired
2023-03-28 08:08:14 error: jwt expired
2023-03-28 08:21:31 error: jwt expired
2023-03-28 08:22:11 error: Unexpected token  in JSON at position 51
2023-03-28 15:28:15 error: jwt expired
2023-03-28 15:39:12 error: jwt expired
2023-03-28 15:48:54 error: jwt expired
2023-03-28 15:56:28 error: jwt expired
